0 verbose cli C:\Program Files\nodejs\node.exe C:\Users\VEHAN\AppData\Roaming\npm\node_modules\npm\bin\npm-cli.js
1 info using npm@11.7.0
2 info using node@v22.15.0
3 silly config load:file:C:\Users\VEHAN\AppData\Roaming\npm\node_modules\npm\npmrc
4 silly config load:file:C:\Users\VEHAN\.npmrc
5 silly config load:file:C:\Users\VEHAN\AppData\Roaming\npm\etc\npmrc
6 verbose title npm init
7 verbose argv "init" "--yes"
8 verbose logfile logs-max:10 dir:C:\Users\VEHAN\Desktop\Netexam\.npm-cache\_logs\2026-03-07T10_06_39_356Z-
9 verbose logfile C:\Users\VEHAN\Desktop\Netexam\.npm-cache\_logs\2026-03-07T10_06_39_356Z-debug-0.log
10 silly logfile done cleaning log files
11 silly package data {
11 silly package data   name: 'netexam',
11 silly package data   version: '1.0.0',
11 silly package data   description: '',
11 silly package data   main: 'index.js',
11 silly package data   scripts: { test: 'echo "Error: no test specified" && exit 1' },
11 silly package data   keywords: [],
11 silly package data   author: '',
11 silly package data   license: 'ISC',
11 silly package data   type: 'commonjs'
11 silly package data }
12 verbose cwd C:\Users\VEHAN\Desktop\Netexam
13 verbose os Windows_NT 10.0.26200
14 verbose node v22.15.0
15 verbose npm  v11.7.0
16 verbose exit 0
17 info ok
