0 verbose cli C:\Program Files\nodejs\node.exe C:\Users\VEHAN\AppData\Roaming\npm\node_modules\npm\bin\npm-cli.js
1 info using npm@11.7.0
2 info using node@v22.15.0
3 silly config load:file:C:\Users\VEHAN\AppData\Roaming\npm\node_modules\npm\npmrc
4 silly config load:file:C:\Users\VEHAN\.npmrc
5 silly config load:file:C:\Users\VEHAN\AppData\Roaming\npm\etc\npmrc
6 verbose title npm exec create-next-app@latest temp-app --typescript --tailwind false --eslint --app --src-dir --import-alias @/*
7 verbose argv "exec" "--yes" "--" "create-next-app@latest" "temp-app" "--typescript" "--tailwind" "false" "--eslint" "--app" "--src-dir" "--import-alias" "@/*"
8 verbose logfile logs-max:10 dir:C:\Users\VEHAN\Desktop\Netexam\.npm-cache\_logs\2026-03-07T10_05_47_691Z-
9 verbose logfile C:\Users\VEHAN\Desktop\Netexam\.npm-cache\_logs\2026-03-07T10_05_47_691Z-debug-0.log
10 silly logfile done cleaning log files
11 silly packumentCache heap:4345298944 maxSize:1086324736 maxEntrySize:543162368
12 http fetch GET 200 https://registry.npmjs.org/create-next-app 352ms (cache revalidated)
13 silly packumentCache heap:4345298944 maxSize:1086324736 maxEntrySize:543162368
14 silly packumentCache heap:4345298944 maxSize:1086324736 maxEntrySize:543162368
15 verbose cwd C:\Users\VEHAN\Desktop\Netexam
16 verbose os Windows_NT 10.0.26200
17 verbose node v22.15.0
18 verbose npm  v11.7.0
19 verbose exit 1
20 verbose code 1
