0 verbose cli C:\Program Files\nodejs\node.exe C:\Users\VEHAN\AppData\Roaming\npm\node_modules\npm\bin\npm-cli.js
1 info using npm@11.7.0
2 info using node@v22.15.0
3 silly config load:file:C:\Users\VEHAN\AppData\Roaming\npm\node_modules\npm\npmrc
4 silly config load:file:C:\Users\VEHAN\.npmrc
5 silly config load:file:C:\Users\VEHAN\AppData\Roaming\npm\etc\npmrc
6 verbose title npm exec create-next-app@latest ./ --typescript --tailwind false --eslint --app --src-dir --import-alias @/*
7 verbose argv "exec" "--yes" "--" "create-next-app@latest" "./" "--typescript" "--tailwind" "false" "--eslint" "--app" "--src-dir" "--import-alias" "@/*"
8 verbose logfile logs-max:10 dir:C:\Users\VEHAN\Desktop\Netexam\.npm-cache\_logs\2026-03-07T10_05_20_839Z-
9 verbose logfile C:\Users\VEHAN\Desktop\Netexam\.npm-cache\_logs\2026-03-07T10_05_20_839Z-debug-0.log
10 silly logfile done cleaning log files
11 silly packumentCache heap:4345298944 maxSize:1086324736 maxEntrySize:543162368
12 http fetch GET 200 https://registry.npmjs.org/npm 467ms
13 http fetch GET 200 https://registry.npmjs.org/create-next-app 632ms (cache miss)
14 silly packumentCache heap:4345298944 maxSize:1086324736 maxEntrySize:543162368
15 silly packumentCache heap:4345298944 maxSize:1086324736 maxEntrySize:543162368
16 silly idealTree buildDeps
17 silly fetch manifest create-next-app@16.1.6
18 silly packumentCache full:https://registry.npmjs.org/create-next-app cache-miss
19 http fetch GET 200 https://registry.npmjs.org/create-next-app 370ms (cache miss)
20 silly packumentCache full:https://registry.npmjs.org/create-next-app set size:undefined disposed:false
21 silly placeDep ROOT create-next-app@16.1.6 OK for:  want: 16.1.6
22 silly reify moves {}
23 silly audit bulk request { 'create-next-app': [ '16.1.6' ] }
24 http cache create-next-app@https://registry.npmjs.org/create-next-app/-/create-next-app-16.1.6.tgz 0ms (cache hit)
25 silly tarball no local data for create-next-app@https://registry.npmjs.org/create-next-app/-/create-next-app-16.1.6.tgz. Extracting by manifest.
26 http fetch POST 200 https://registry.npmjs.org/-/npm/v1/security/advisories/bulk 256ms
27 silly audit report {}
28 http fetch GET 200 https://registry.npmjs.org/create-next-app/-/create-next-app-16.1.6.tgz 433ms (cache miss)
29 verbose cwd C:\Users\VEHAN\Desktop\Netexam
30 verbose os Windows_NT 10.0.26200
31 verbose node v22.15.0
32 verbose npm  v11.7.0
33 notice
33 notice New [33mminor[39m version of npm available! [33m11.7.0[39m -> [34m11.11.0[39m
33 notice Changelog: [34mhttps://github.com/npm/cli/releases/tag/v11.11.0[39m
33 notice To update run: [4mnpm install -g npm@11.11.0[24m
33 notice  { force: true, [Symbol(proc-log.meta)]: true }
34 verbose exit 1
35 verbose code 1
